arch/arm/kernel/return_address.c:63:2: warning: #warning "TODO: return_address should use unwind tables" [-Wcpp]
 #warning "TODO: return_address should use unwind tables"
  ^
kernel/timer.c: In function ‘__run_timers’:
kernel/timer.c:1191:14: warning: comparison of distinct pointer types lacks a cast
    if (timer < INVALID_POISON_POINTER)
              ^
kernel/timer.c:1194:11: warning: comparison of distinct pointer types lacks a cast
    if (fn < INVALID_POISON_POINTER)
           ^
In file included from include/trace/define_trace.h:86:0,
                 from include/trace/events/sched.h:452,
                 from kernel/sched/core.c:95:
include/trace/events/sched.h: In function ‘ftrace_define_fields_sched_switch_end’:
include/trace/ftrace.h:327:27: warning: unused variable ‘field’ [-Wunused-variable]
  struct ftrace_raw_##call field;     \
                           ^
include/trace/ftrace.h:32:2: note: in expansion of macro ‘DECLARE_EVENT_CLASS’
  DECLARE_EVENT_CLASS(name,          \
  ^
include/trace/events/sched.h:155:1: note: in expansion of macro ‘TRACE_EVENT’
 TRACE_EVENT(sched_switch_end,
 ^
include/trace/ftrace.h:332:2: warning: ‘ret’ is used uninitialized in this function [-Wuninitialized]
  return ret;       \
  ^
include/trace/ftrace.h:328:6: note: ‘ret’ was declared here
  int ret;       \
      ^
include/trace/ftrace.h:32:2: note: in expansion of macro ‘DECLARE_EVENT_CLASS’
  DECLARE_EVENT_CLASS(name,          \
  ^
include/trace/events/sched.h:155:1: note: in expansion of macro ‘TRACE_EVENT’
 TRACE_EVENT(sched_switch_end,
 ^
drivers/android/binder.c: In function ‘binder_update_page_range’:
drivers/android/binder.c:669:17: warning: unused variable ‘page_array_ptr’ [-Wunused-variable]
   struct page **page_array_ptr;
                 ^
block/maple-iosched.c: In function ‘maple_choose_expired_request’:
block/maple-iosched.c:131:2: warning: ISO C90 forbids mixed declarations and code [-Wdeclaration-after-statement]
  struct request *rq_sync_read = maple_expired_request(mdata, SYNC, READ);
  ^
block/maple-iosched.c: In function ‘maple_choose_request’:
block/maple-iosched.c:169:2: warning: ISO C90 forbids mixed declarations and code [-Wdeclaration-after-statement]
  struct list_head *sync = mdata->fifo_list[SYNC];
  ^
drivers/android/binder.c: In function ‘binder_poll’:
drivers/android/binder.c:3194:5: warning: ‘wait_for_proc_work’ may be used uninitialized in this function [-Wmaybe-uninitialized]
  if (wait_for_proc_work) {
     ^
drivers/base/dma-contiguous.c:608:17: warning: initialization from incompatible pointer type
  .device_init = rmem_cma_device_init,
                 ^
drivers/base/dma-contiguous.c:608:17: warning: (near initialization for ‘rmem_cma_ops.device_init’)
In file included from /home/yrahate/android/tab/SmokeR24.2-kernel/arch/arm/include/asm/relaxed.h:18:0,
                 from include/linux/llist.h:60,
                 from include/linux/irq_work.h:4,
                 from kernel/irq_work.c:12:
kernel/irq_work.c: In function ‘irq_work_claim’:
include/asm-generic/relaxed.h:27:34: warning: statement with no effect [-Wunused-value]
 #define cpu_relaxed_read_long(p) (*(p))
                                  ^
kernel/irq_work.c:41:3: note: in expansion of macro ‘cpu_relaxed_read_long’
   cpu_relaxed_read_long(&work->flags);
   ^
fs/pstore/rtrace.c: In function ‘pstore_rtrace_call’:
fs/pstore/rtrace.c:58:13: warning: assignment makes integer from pointer without a cast
  rec.caller = __builtin_return_address(0);
             ^
sound/pci/hda/hda_intel.c: In function ‘azx_single_wait_for_response’:
sound/pci/hda/hda_intel.c:1157:7: warning: format ‘%x’ expects argument of type ‘unsigned int’, but argument 3 has type ‘long unsigned int’ [-Wformat=]
       azx_name(chip), azx_readw(chip, IRS));
       ^
sound/pci/hda/hda_intel.c: In function ‘azx_single_send_cmd’:
sound/pci/hda/hda_intel.c:1185:7: warning: format ‘%x’ expects argument of type ‘unsigned int’, but argument 3 has type ‘long unsigned int’ [-Wformat=]
       azx_name(chip), azx_readw(chip, IRS), val);
       ^
sound/pci/hda/hda_intel.c: In function ‘__azx_platform_enable_clocks’:
sound/pci/hda/hda_intel.c:1590:3: warning: ‘return’ with a value, in function returning void
   return -EINVAL;
   ^
sound/pci/hda/hda_intel.c: In function ‘__azx_platform_disable_clocks’:
sound/pci/hda/hda_intel.c:1627:3: warning: ‘return’ with a value, in function returning void
   return -EINVAL;
   ^
sound/soc/codecs/rt5671_ioctl.c: In function ‘rt5671_update_eqmode’:
sound/soc/codecs/rt5671_ioctl.c:67:43: warning: iteration 28u invokes undefined behavior [-Waggressive-loop-optimizations]
   hweq_param[mode].reg[i] = eqreg[channel][i];
                                           ^
sound/soc/codecs/rt5671_ioctl.c:65:2: note: containing loop
  for (i = 0; i <= EQ_REG_NUM; i++)
  ^
drivers/gpio/gpio-pca953x.c: In function ‘pca953x_probe’:
drivers/gpio/gpio-pca953x.c:804:4: warning: format ‘%d’ expects argument of type ‘int’, but argument 3 has type ‘long int’ [-Wformat=]
    dev_warn(&client->dev, "setup failed, %d\n", ret);
    ^
drivers/gpio/gpio-pca953x.c: At top level:
drivers/gpio/gpio-pca953x.c:940:14: warning: initialization from incompatible pointer type
  .shutdown = pca953x_shutdown,
              ^
drivers/gpio/gpio-pca953x.c:940:14: warning: (near initialization for ‘pca953x_driver.shutdown’)
drivers/hid/hid-atv-jarvis.c:1982:12: warning: initialization from incompatible pointer type
  .remove = atvr_remove,
            ^
drivers/hid/hid-atv-jarvis.c:1982:12: warning: (near initialization for ‘atvr_driver.remove’)
drivers/hid/hid-atv-jarvis.c: In function ‘snd_atvr_pcm_copy’:
drivers/hid/hid-atv-jarvis.c:1398:3: warning: ignoring return value of ‘copy_to_user’, declared with attribute warn_unused_result [-Wunused-result]
   copy_to_user(destination, source, num_bytes);
   ^
drivers/hid/hid-atv-jarvis.c:1404:3: warning: ignoring return value of ‘copy_to_user’, declared with attribute warn_unused_result [-Wunused-result]
   copy_to_user(destination, source, num_bytes);
   ^
drivers/hid/hid-atv-jarvis.c:1409:3: warning: ignoring return value of ‘copy_to_user’, declared with attribute warn_unused_result [-Wunused-result]
   copy_to_user(destination, source, num_bytes);
   ^
In file included from include/net/inetpeer.h:15:0,
                 from include/net/route.h:28,
                 from include/net/inet_hashtables.h:32,
                 from include/net/tcp.h:37,
                 from net/ipv4/tcp.c:275:
net/ipv4/tcp.c: In function ‘tcp_nuke_addr’:
include/net/ipv6.h:441:17: warning: ‘in6’ may be used uninitialized in this function [-Wmaybe-uninitialized]
   (a1->s6_addr32[3] ^ a2->s6_addr32[3])) == 0;
                 ^
net/ipv4/tcp.c:3562:19: note: ‘in6’ was declared here
  struct in6_addr *in6;
                   ^
net/ipv6/ping.c: In function ‘pingv6_init’:
net/ipv6/ping.c:83:29: warning: assignment from incompatible pointer type
  pingv6_ops.ipv6_recv_error = ipv6_recv_error;
                             ^
drivers/iio/imu/inv_mpu/inv_mpu_ring.c: In function ‘inv_process_batchmode’:
drivers/iio/imu/inv_mpu/inv_mpu_ring.c:1465:16: warning: array subscript is above array bounds [-Warray-bounds]
      st->sensor[sensor_ind].sample_size) {
                ^
drivers/input/misc/pressure/bmp280_core.c: In function ‘bmp_input_init’:
drivers/input/misc/pressure/bmp280_core.c:1438:11: warning: passing argument 1 of ‘dev_err’ from incompatible pointer type
   dev_err(&data->dev, "fail to get sysfs path.");
           ^
In file included from drivers/input/misc/pressure/bmp280_core.c:57:0:
include/linux/device.h:958:5: note: expected ‘const struct device *’ but argument is of type ‘struct device **’
 int dev_err(const struct device *dev, const char *fmt, ...);
     ^
net/mac80211/scan.c: In function ‘ieee80211_scan_work’:
net/mac80211/scan.c:758:3: warning: enumeration value ‘SCAN_SUSPEND_ABORT’ not handled in switch [-Wswitch]
   switch (local->next_scan_state) {
   ^
drivers/misc/c2port/c2port-loki.c: In function ‘tegra_c2port_probe’:
drivers/misc/c2port/c2port-loki.c:194:6: warning: unused variable ‘value’ [-Wunused-variable]
  u32 value = 0;
      ^
drivers/mmc/card/block.c: In function ‘mmc_blk_ioctl_combo_cmd’:
drivers/mmc/card/block.c:681:12: warning: cast to pointer from integer of different size [-Wint-to-pointer-cast]
  usr_ptr = (void * __user)mcci.mmc_ioc_cmd_list;
            ^
In file included from include/linux/irqflags.h:14:0,
                 from /home/yrahate/android/tab/SmokeR24.2-kernel/arch/arm/include/asm/bitops.h:27,
                 from include/linux/bitops.h:22,
                 from include/linux/kernel.h:10,
                 from include/linux/cache.h:4,
                 from include/linux/time.h:4,
                 from include/linux/stat.h:18,
                 from include/linux/module.h:10,
                 from drivers/mmc/core/core.c:14:
drivers/mmc/core/core.c: In function ‘mmc_run_queue’:
include/linux/typecheck.h:11:18: warning: comparison of distinct pointer types lacks a cast
  (void)(&__dummy == &__dummy2); \
                  ^
include/linux/spinlock.h:198:3: note: in expansion of macro ‘typecheck’
   typecheck(unsigned long, flags); \
   ^
include/linux/spinlock.h:323:2: note: in expansion of macro ‘raw_spin_lock_irqsave’
  raw_spin_lock_irqsave(spinlock_check(lock), flags); \
  ^
drivers/mmc/core/core.c:407:2: note: in expansion of macro ‘spin_lock_irqsave’
  spin_lock_irqsave(&host->que_lock, flags);
  ^
include/linux/typecheck.h:11:18: warning: comparison of distinct pointer types lacks a cast
  (void)(&__dummy == &__dummy2); \
                  ^
include/linux/spinlock.h:198:3: note: in expansion of macro ‘typecheck’
   typecheck(unsigned long, flags); \
   ^
include/linux/spinlock.h:323:2: note: in expansion of macro ‘raw_spin_lock_irqsave’
  raw_spin_lock_irqsave(spinlock_check(lock), flags); \
  ^
drivers/mmc/core/core.c:480:2: note: in expansion of macro ‘spin_lock_irqsave’
  spin_lock_irqsave(&host->que_lock, flags);
  ^
drivers/media/v4l2-core/v4l2-ioctl.c: In function ‘v4l_query_ext_ctrl’:
drivers/media/v4l2-core/v4l2-ioctl.c:1639:18: warning: unused variable ‘vfh’ [-Wunused-variable]
  struct v4l2_fh *vfh =
                  ^
drivers/media/v4l2-core/v4l2-of.c: In function ‘v4l2_of_alloc_parse_endpoint’:
drivers/media/v4l2-core/v4l2-of.c:227:3: warning: return makes pointer from integer without a cast
   return -ENOMEM;
   ^
drivers/media/v4l2-core/v4l2-of.c:254:2: warning: return makes pointer from integer without a cast
  return rval;
  ^
In file included from include/linux/debugfs.h:18:0,
                 from drivers/mmc/core/debugfs.c:14:
drivers/mmc/core/debugfs.c: In function ‘mmc_dbg_card_speed_class_fops_open’:
include/linux/fs.h:2693:56: warning: format ‘%u’ expects argument of type ‘unsigned int’, but argument 2 has type ‘long long unsigned int’ [-Wformat=]
 static int __fops ## _open(struct inode *inode, struct file *file) \
                                                        ^
drivers/mmc/core/debugfs.c:519:1: note: in expansion of macro ‘DEFINE_SIMPLE_ATTRIBUTE’
 DEFINE_SIMPLE_ATTRIBUTE(mmc_dbg_card_speed_class_fops,
 ^
drivers/mmc/core/debugfs.c: In function ‘mmc_get_ext_csd_byte_val’:
drivers/mmc/core/debugfs.c:541:1: warning: label ‘out_free’ defined but not used [-Wunused-label]
 out_free:
 ^
In file included from include/linux/debugfs.h:18:0,
                 from drivers/mmc/core/debugfs.c:14:
drivers/mmc/core/debugfs.c: In function ‘mmc_dbg_ext_csd_bkops_status_fops_open’:
include/linux/fs.h:2693:56: warning: format ‘%u’ expects argument of type ‘unsigned int’, but argument 2 has type ‘long long unsigned int’ [-Wformat=]
 static int __fops ## _open(struct inode *inode, struct file *file) \
                                                        ^
drivers/mmc/core/debugfs.c:561:1: note: in expansion of macro ‘DEFINE_SIMPLE_ATTRIBUTE’
 DEFINE_SIMPLE_ATTRIBUTE(mmc_dbg_ext_csd_bkops_status_fops,
 ^
drivers/mmc/core/debugfs.c: In function ‘mmc_dbg_ext_csd_bkops_support_fops_open’:
include/linux/fs.h:2693:56: warning: format ‘%u’ expects argument of type ‘unsigned int’, but argument 2 has type ‘long long unsigned int’ [-Wformat=]
 static int __fops ## _open(struct inode *inode, struct file *file) \
                                                        ^
drivers/mmc/core/debugfs.c:570:1: note: in expansion of macro ‘DEFINE_SIMPLE_ATTRIBUTE’
 DEFINE_SIMPLE_ATTRIBUTE(mmc_dbg_ext_csd_bkops_support_fops,
 ^
drivers/mmc/core/debugfs.c: In function ‘mmc_dbg_ext_csd_hpi_support_fops_open’:
include/linux/fs.h:2693:56: warning: format ‘%u’ expects argument of type ‘unsigned int’, but argument 2 has type ‘long long unsigned int’ [-Wformat=]
 static int __fops ## _open(struct inode *inode, struct file *file) \
                                                        ^
drivers/mmc/core/debugfs.c:579:1: note: in expansion of macro ‘DEFINE_SIMPLE_ATTRIBUTE’
 DEFINE_SIMPLE_ATTRIBUTE(mmc_dbg_ext_csd_hpi_support_fops,
 ^
drivers/mmc/core/debugfs.c: In function ‘mmc_dbg_ext_csd_pon_notify_fops_open’:
include/linux/fs.h:2693:56: warning: format ‘%u’ expects argument of type ‘unsigned int’, but argument 2 has type ‘long long unsigned int’ [-Wformat=]
 static int __fops ## _open(struct inode *inode, struct file *file) \
                                                        ^
drivers/mmc/core/debugfs.c:589:1: note: in expansion of macro ‘DEFINE_SIMPLE_ATTRIBUTE’
 DEFINE_SIMPLE_ATTRIBUTE(mmc_dbg_ext_csd_pon_notify_fops,
 ^
drivers/of/of_reserved_mem.c: In function ‘fdt_init_reserved_mem’:
drivers/of/of_reserved_mem.c:213:47: warning: passing argument 3 of ‘of_get_flat_dt_prop’ from incompatible pointer type
   prop = of_get_flat_dt_prop(node, "phandle", &len);
                                               ^
In file included from drivers/of/of_reserved_mem.c:18:0:
include/linux/of_fdt.h:88:14: note: expected ‘long unsigned int *’ but argument is of type ‘int *’
 extern void *of_get_flat_dt_prop(unsigned long node, const char *name,
              ^
drivers/of/of_reserved_mem.c:215:54: warning: passing argument 3 of ‘of_get_flat_dt_prop’ from incompatible pointer type
    prop = of_get_flat_dt_prop(node, "linux,phandle", &len);
                                                      ^
In file included from drivers/of/of_reserved_mem.c:18:0:
include/linux/of_fdt.h:88:14: note: expected ‘long unsigned int *’ but argument is of type ‘int *’
 extern void *of_get_flat_dt_prop(unsigned long node, const char *name,
              ^
net/wireless/nl80211.c: In function ‘cfg80211_ch_switch_notify’:
net/wireless/nl80211.c:10440:1: warning: label ‘out’ defined but not used [-Wunused-label]
 out:
 ^
In file included from /home/yrahate/android/tab/SmokeR24.2-kernel/include/uapi/linux/posix_types.h:4:0,
                 from include/uapi/linux/types.h:13,
                 from include/linux/compiler.h:186,
                 from include/linux/linkage.h:4,
                 from include/linux/kernel.h:6,
                 from include/linux/cache.h:4,
                 from include/linux/time.h:4,
                 from drivers/net/wireless/bcmdhd/dhd_nv_dbg.h:22,
                 from <command-line>:0:
drivers/net/wireless/bcmdhd/wl_cfg80211.c: In function ‘wl_cfg80211_get_station’:
include/linux/stddef.h:7:14: warning: passing argument 2 of ‘dhd_is_associated’ makes integer from pointer without a cast
 #define NULL ((void *)0)
              ^
drivers/net/wireless/bcmdhd/wl_cfg80211.c:5171:43: note: in expansion of macro ‘NULL’
   fw_assoc_state = dhd_is_associated(dhd, NULL, &err);
                                           ^
In file included from drivers/net/wireless/bcmdhd/wl_cfg80211.c:45:0:
drivers/net/wireless/bcmdhd/dhd.h:776:13: note: expected ‘uint8’ but argument is of type ‘void *’
 extern bool dhd_is_associated(dhd_pub_t *dhd, uint8 ifidx, int *retval);
             ^
In file included from drivers/net/wireless/bcmdhd/dhd_cfg80211.h:31:0,
                 from drivers/net/wireless/bcmdhd/wl_cfg80211.c:49:
drivers/net/wireless/bcmdhd/wl_cfg80211.h: In function ‘wl_remove_netinfo’:
drivers/net/wireless/bcmdhd/wl_cfg80211.h:689:5: warning: ignoring return value of ‘down_interruptible’, declared with attribute warn_unused_result [-Wunused-result]
     down_interruptible(&cfg->net_wdev_sema);
     ^
drivers/net/wireless/bcmdhd/wl_cfg80211.c: In function ‘wl_event_handler’:
drivers/net/wireless/bcmdhd/wl_cfg80211.c:12300:4: warning: ignoring return value of ‘down_interruptible’, declared with attribute warn_unused_result [-Wunused-result]
    down_interruptible(&cfg->net_wdev_sema);
    ^
In file included from drivers/net/wireless/bcmdhd/dhd_cfg80211.h:31:0,
                 from drivers/net/wireless/bcmdhd/wl_cfg80211.c:49:
drivers/net/wireless/bcmdhd/wl_cfg80211.h: In function ‘wl_delete_all_netinfo’:
drivers/net/wireless/bcmdhd/wl_cfg80211.h:706:2: warning: ignoring return value of ‘down_interruptible’, declared with attribute warn_unused_result [-Wunused-result]
  down_interruptible(&cfg->net_wdev_sema);
  ^
drivers/net/wireless/bcmdhd/wl_cfgvendor.c:82:12: warning: ‘wl_cfgvendor_send_cmd_reply’ defined but not used [-Wunused-function]
 static int wl_cfgvendor_send_cmd_reply(struct wiphy *wiphy,
            ^
drivers/net/wireless/bcmdhd/nv_logger.c: In function ‘write_log_file’:
drivers/net/wireless/bcmdhd/nv_logger.c:262:40: warning: passing argument 4 of ‘dhd_log_netlink_send_msg’ discards ‘const’ qualifier from pointer target type
  dhd_log_netlink_send_msg(0, 0, seq++, log, strlen(log) + 1);
                                        ^
In file included from drivers/net/wireless/bcmdhd/nv_logger.c:19:0:
drivers/net/wireless/bcmdhd/nv_logger.h:58:5: note: expected ‘void *’ but argument is of type ‘const char *’
 s32 dhd_log_netlink_send_msg(int pid, int type, int seq,
     ^
In file included from include/linux/kobject.h:21:0,
                 from include/linux/module.h:16,
                 from drivers/net/wireless/bcmdhd/include/linuxver.h:42,
                 from drivers/net/wireless/bcmdhd/include/linux_osl.h:239,
                 from drivers/net/wireless/bcmdhd/include/osl.h:43,
                 from drivers/net/wireless/bcmdhd/nv_logger.h:28,
                 from drivers/net/wireless/bcmdhd/nv_logger.c:19:
drivers/net/wireless/bcmdhd/nv_logger.c: At top level:
drivers/net/wireless/bcmdhd/nv_logger.c:402:6: warning: initialization from incompatible pointer type
      dhdlog_sysfs_enablelog_store);
      ^
include/linux/sysfs.h:74:11: note: in definition of macro ‘__ATTR’
  .store = _store,     \
           ^
drivers/net/wireless/bcmdhd/nv_logger.c:402:6: warning: (near initialization for ‘dhdlog_sysfs_enablelog_attribute.store’)
      dhdlog_sysfs_enablelog_store);
      ^
include/linux/sysfs.h:74:11: note: in definition of macro ‘__ATTR’
  .store = _store,     \
           ^
drivers/net/wireless/bcmdhd/nv_logger.c:405:2: warning: initialization from incompatible pointer type
  &dhdlog_sysfs_enablelog_attribute,
  ^
drivers/net/wireless/bcmdhd/nv_logger.c:405:2: warning: (near initialization for ‘dhdlog_sysfs_attrs[0]’)
drivers/power/bq27x00_battery.c: In function ‘bq27x00_battery_probe’:
drivers/power/bq27x00_battery.c:1741:2: warning: ‘idr_pre_get’ is deprecated (declared at include/linux/idr.h:151) [-Wdeprecated-declarations]
  retval = idr_pre_get(&battery_id, GFP_KERNEL);
  ^
drivers/power/bq27x00_battery.c:1745:2: warning: ‘idr_get_new’ is deprecated (declared at include/linux/idr.h:181) [-Wdeprecated-declarations]
  retval = idr_get_new(&battery_id, client, &num);
  ^
drivers/power/bq27x00_battery.c: In function ‘update_firmware’:
drivers/power/bq27x00_battery.c:1469:8: warning: ‘command_char’ may be used uninitialized in this function [-Wmaybe-uninitialized]
     if (command_char == 'X')
        ^
drivers/power/bq27x00_battery.c:1429:7: note: ‘command_char’ was declared here
  char command_char;
       ^
drivers/net/wireless/bcmdhd/dhd_custom_sysfs_tegra.c: In function ‘tegra_sysfs_hostapd_downgradevotovi_store’:
drivers/net/wireless/bcmdhd/dhd_custom_sysfs_tegra.c:352:15: warning: unused variable ‘uint’ [-Wunused-variable]
  unsigned int uint;
               ^
drivers/net/wireless/bcmdhd/dhd_custom_sysfs_tegra.c:351:6: warning: unused variable ‘err’ [-Wunused-variable]
  int err;
      ^
drivers/net/wireless/bcmdhd/dhd_custom_sysfs_tegra_tcpdump.c: In function ‘tcpdump_pkt_save’:
drivers/net/wireless/bcmdhd/dhd_custom_sysfs_tegra_tcpdump.c:288:3: warning: null argument where non-null required (argument 1) [-Wnonnull]
   memcpy(multidump_pkt_data(i), data, pkt_data_max_len);
   ^
drivers/net/wireless/bcmdhd/dhd_custom_sysfs_tegra_tcpdump.c:290:3: warning: null argument where non-null required (argument 1) [-Wnonnull]
   memcpy(multidump_pkt_data(i), data, data_nonpaged_len);
   ^
drivers/net/wireless/bcmdhd/dhd_custom_sysfs_tegra_tcpdump.c: In function ‘tegra_sysfs_histogram_tcpdump_store’:
drivers/net/wireless/bcmdhd/dhd_custom_sysfs_tegra_tcpdump.c:577:4: warning: format ‘%ld’ expects argument of type ‘long int’, but argument 4 has type ‘unsigned int’ [-Wformat=]
    pr_info("%s: limit maxpkt from %d to %ld\n",
    ^
drivers/net/wireless/bcmdhd/dhd_custom_sysfs_tegra_stat.c: In function ‘tegra_sysfs_histogram_stat_show’:
drivers/net/wireless/bcmdhd/dhd_custom_sysfs_tegra_stat.c:398:3: warning: format ‘%lu’ expects argument of type ‘long unsigned int’, but argument 11 has type ‘int’ [-Wformat=]
   bcmdhd_stat.fw_stat.cur_country_code);
   ^
In file included from drivers/tspdrv/tspdrv.c:43:0:
drivers/tspdrv/tspdrv.h:90:9: note: #pragma message: ************ __KERNEL__ ************
 #pragma message "************ __KERNEL__ ************"
         ^
In file included from drivers/tspdrv/tspdrv.c:52:0:
drivers/tspdrv/ImmVibeSPI.c:30:2: warning: #warning ********* Compiling SPI for DRV2604 using LRA actuator ************ [-Wcpp]
 #warning ********* Compiling SPI for DRV2604 using LRA actuator ************
  ^
drivers/tspdrv/ImmVibeSPI.c:31:2: warning: #warning *********** Customized version for Xiaomi M3 ********** [-Wcpp]
 #warning *********** Customized version for Xiaomi M3 **********
  ^
In file included from drivers/tspdrv/tspdrv.c:52:0:
drivers/tspdrv/ImmVibeSPI.c:592:13: warning: ‘drv2604_set_go_bit’ defined but not used [-Wunused-function]
 static void drv2604_set_go_bit(char val)
             ^
drivers/staging/android/lowmemorykiller.c: In function ‘lowmem_shrink’:
drivers/staging/android/lowmemorykiller.c:146:3: warning: ISO C90 forbids mixed declarations and code [-Wdeclaration-after-statement]
   short oom_score_adj;
   ^
In file included from include/linux/kernel.h:14:0,
                 from include/linux/cache.h:4,
                 from include/linux/time.h:4,
                 from include/linux/stat.h:18,
                 from include/linux/module.h:10,
                 from drivers/thermal/adaptive_skin.c:19:
drivers/thermal/adaptive_skin.c: In function ‘astg_get_target_action’:
include/linux/dynamic_debug.h:64:16: warning: format ‘%d’ expects argument of type ‘int’, but argument 3 has type ‘long unsigned int’ [-Wformat=]
  static struct _ddebug  __aligned(8)   \
                ^
include/linux/dynamic_debug.h:76:2: note: in expansion of macro ‘DEFINE_DYNAMIC_DEBUG_METADATA’
  DEFINE_DYNAMIC_DEBUG_METADATA(descriptor, fmt);  \
  ^
include/linux/printk.h:241:2: note: in expansion of macro ‘dynamic_pr_debug’
  dynamic_pr_debug(fmt, ##__VA_ARGS__)
  ^
drivers/thermal/adaptive_skin.c:695:2: note: in expansion of macro ‘pr_debug’
  pr_debug("ASTG:>> Throttling index : %d\n", cur_state);
  ^
drivers/staging/android/fiq_debugger/fiq_debugger.c: In function ‘fiq_debugger_help’:
drivers/staging/android/fiq_debugger/fiq_debugger.c:472:9: warning: extra tokens at end of #undef directive
 #undef P(s)
         ^
In file included from drivers/usb/gadget/android.c:49:0:
drivers/usb/gadget/u_ether.c: In function ‘gether_setup_name’:
drivers/usb/gadget/u_ether.c:949:17: warning: return makes pointer from integer without a cast
                 return -ENOMEM;
                 ^
drivers/usb/misc/usb_nvshieldled.c: In function ‘nvshieldled_probe’:
drivers/usb/misc/usb_nvshieldled.c:414:7: warning: passing argument 3 of ‘of_property_read_string’ from incompatible pointer type
       &edp_name)) {
       ^
In file included from drivers/usb/misc/usb_nvshieldled.c:26:0:
include/linux/of.h:268:12: note: expected ‘const char **’ but argument is of type ‘char **’
 extern int of_property_read_string(struct device_node *np,
            ^
